\BOOKMARK [0][-]{chapter.1}{\376\377\000R\000e\000m\000e\000r\000c\000i\000e\000m\000e\000n\000t\000s}{}% 1
\BOOKMARK [-1][-]{part.1}{\376\377\000I\000\040\000I\000n\000t\000r\000o\000d\000u\000c\000t\000i\000o\000n}{}% 2
\BOOKMARK [-1][-]{part.2}{\376\377\000I\000I\000\040\000D\000y\000n\000a\000m\000i\000c\000a\000l\000\040\000V\000a\000r\000i\000a\000t\000i\000o\000n\000a\000l\000\040\000A\000u\000t\000o\000e\000n\000c\000o\000d\000e\000r\000s\000\040\000-\000\040\000T\000h\000e\000o\000r\000y}{}% 3
\BOOKMARK [0][-]{chapter.2}{\376\377\000D\000-\000s\000e\000p\000a\000r\000a\000t\000i\000o\000n}{part.2}% 4
\BOOKMARK [0][-]{chapter.3}{\376\377\000D\000y\000n\000a\000m\000i\000c\000a\000l\000\040\000V\000a\000r\000i\000a\000t\000i\000o\000n\000a\000l\000\040\000A\000u\000t\000o\000\040\000E\000n\000c\000o\000d\000e\000r\000s}{part.2}% 5
\BOOKMARK [0][-]{chapter.4}{\376\377\000D\000e\000e\000p\000\040\000K\000a\000l\000m\000a\000n\000\040\000F\000i\000l\000t\000e\000r}{part.2}% 6
\BOOKMARK [0][-]{chapter.5}{\376\377\000V\000a\000r\000i\000a\000t\000i\000o\000n\000a\000l\000\040\000R\000e\000c\000u\000r\000r\000e\000n\000t\000\040\000N\000e\000u\000r\000a\000l\000\040\000N\000e\000t\000w\000o\000r\000k}{part.2}% 7
\BOOKMARK [0][-]{chapter.6}{\376\377\000G\000a\000u\000s\000s\000i\000a\000n\000\040\000P\000r\000o\000c\000e\000s\000s\000\040\000V\000a\000r\000i\000a\000t\000i\000o\000n\000a\000l\000\040\000A\000u\000t\000o\000\040\000E\000n\000c\000o\000d\000e\000r}{part.2}% 8
\BOOKMARK [-1][-]{part.3}{\376\377\000I\000I\000I\000\040\000D\000y\000n\000a\000m\000i\000c\000a\000l\000\040\000V\000a\000r\000i\000a\000t\000i\000o\000n\000a\000l\000\040\000A\000u\000t\000o\000e\000n\000c\000o\000d\000e\000r\000s\000\040\000-\000\040\000I\000m\000p\000l\000e\000m\000e\000n\000t\000a\000t\000i\000o\000n\000\040\000a\000n\000d\000\040\000E\000x\000p\000e\000r\000i\000m\000e\000n\000t\000s}{}% 9
\BOOKMARK [0][-]{chapter.7}{\376\377\000E\000x\000p\000e\000r\000i\000m\000e\000n\000t\000s}{part.3}% 10
\BOOKMARK [1][-]{section.7.1}{\376\377\000D\000e\000e\000p\000\040\000K\000a\000l\000m\000a\000n\000\040\000F\000i\000l\000t\000e\000r}{chapter.7}% 11
\BOOKMARK [1][-]{section.7.2}{\376\377\000V\000a\000r\000i\000a\000t\000i\000o\000n\000a\000l\000\040\000R\000e\000c\000u\000r\000r\000e\000n\000t\000\040\000N\000e\000u\000r\000a\000l\000\040\000N\000e\000t\000w\000o\000r\000k\000\040\000o\000n\000\040\000t\000i\000m\000e\000\040\000s\000e\000r\000i\000e\000s}{chapter.7}% 12
\BOOKMARK [1][-]{section.7.3}{\376\377\000S\000p\000r\000i\000t\000e\000s\000\040\000D\000a\000t\000a\000s\000e\000t}{chapter.7}% 13
\BOOKMARK [1][-]{section.7.4}{\376\377\000V\000a\000r\000i\000a\000t\000i\000o\000n\000a\000l\000\040\000R\000e\000c\000u\000r\000r\000e\000n\000t\000\040\000N\000e\000u\000r\000a\000l\000\040\000N\000e\000t\000w\000o\000r\000k}{chapter.7}% 14
\BOOKMARK [1][-]{section.7.5}{\376\377\000G\000a\000u\000s\000s\000i\000a\000n\000\040\000P\000r\000o\000c\000e\000s\000s\000\040\000V\000a\000r\000i\000a\000t\000i\000o\000n\000a\000l\000\040\000A\000u\000t\000o\000\040\000E\000n\000c\000o\000d\000e\000r}{chapter.7}% 15
\BOOKMARK [-1][-]{part.4}{\376\377\000I\000V\000\040\000N\000o\000t\000i\000o\000n\000s\000\040\000o\000n\000\040\000s\000t\000o\000c\000h\000a\000s\000t\000i\000c\000\040\000d\000i\000f\000f\000e\000r\000e\000n\000t\000i\000a\000l\000\040\000e\000q\000u\000a\000t\000i\000o\000n\000s\000\040\000a\000n\000d\000\040\000t\000h\000e\000i\000r\000\040\000r\000e\000l\000a\000t\000i\000o\000n\000s\000h\000i\000p\000s\000\040\000t\000o\000\040\000D\000V\000A\000E\000s}{}% 16
\BOOKMARK [0][-]{chapter.8}{\376\377\000S\000t\000o\000c\000h\000a\000s\000t\000i\000c\000\040\000c\000a\000l\000c\000u\000l\000u\000s\000\040\000i\000n\000t\000o\000d\000u\000c\000t\000i\000o\000n}{part.4}% 17
\BOOKMARK [0][-]{chapter.9}{\376\377\000S\000t\000o\000c\000h\000a\000s\000t\000i\000c\000\040\000D\000i\000f\000f\000e\000r\000e\000n\000t\000i\000a\000l\000\040\000E\000q\000u\000a\000t\000i\000o\000n\000s}{part.4}% 18
\BOOKMARK [1][-]{section.9.1}{\376\377\000G\000e\000n\000e\000r\000i\000c\000\040\000S\000D\000E}{chapter.9}% 19
\BOOKMARK [1][-]{section.9.2}{\376\377\000L\000i\000n\000e\000a\000r\000\040\000S\000D\000E}{chapter.9}% 20
\BOOKMARK [0][-]{chapter.10}{\376\377\000F\000i\000l\000t\000e\000r\000i\000n\000g\000,\000\040\000S\000m\000o\000o\000t\000h\000i\000n\000g\000,\000\040\000a\000n\000d\000\040\000t\000h\000e\000\040\000G\000P\000-\000V\000A\000E}{part.4}% 21
\BOOKMARK [1][-]{section.10.1}{\376\377\000F\000i\000l\000t\000e\000r\000i\000n\000g\000\040\000a\000n\000d\000\040\000S\000m\000o\000o\000t\000i\000n\000g}{chapter.10}% 22
\BOOKMARK [1][-]{section.10.2}{\376\377\000G\000P\000-\000V\000A\000E}{chapter.10}% 23
\BOOKMARK [-1][-]{part.5}{\376\377\000V\000\040\000C\000o\000n\000c\000l\000u\000s\000i\000o\000n}{}% 24
\BOOKMARK [0][-]{chapter.11}{\376\377\000C\000o\000n\000c\000l\000u\000s\000i\000o\000n\000s\000\040\000a\000n\000d\000\040\000p\000e\000r\000s\000p\000e\000c\000t\000i\000v\000e\000s}{part.5}% 25
\BOOKMARK [-1][-]{part.6}{\376\377\000V\000I\000\040\000C\000o\000m\000p\000l\000e\000m\000e\000n\000t\000s}{}% 26
\BOOKMARK [0][-]{chapter.12}{\376\377\000S\000t\000o\000c\000h\000a\000s\000t\000i\000c\000\040\000p\000r\000o\000c\000e\000s\000s\000e\000s\000\040\000m\000a\000i\000n\000\040\000t\000h\000e\000o\000r\000y}{part.6}% 27
\BOOKMARK [0][-]{chapter.13}{\376\377\000S\000t\000o\000c\000h\000a\000s\000t\000i\000c\000\040\000C\000a\000l\000c\000u\000l\000u\000s}{part.6}% 28
\BOOKMARK [0][-]{chapter.14}{\376\377\000I\000t\000o\000'\000s\000\040\000c\000a\000l\000c\000u\000l\000u\000s\000\040\000a\000n\000d\000\040\000S\000D\000E}{part.6}% 29
\BOOKMARK [0][-]{chapter.15}{\376\377\000Q\000u\000a\000n\000t\000i\000f\000y\000i\000n\000g\000\040\000r\000a\000n\000d\000o\000m\000n\000e\000s\000s\000\040\000o\000f\000\040\000d\000a\000t\000a\000\040\000s\000e\000q\000u\000e\000n\000c\000e\000s}{part.6}% 30
\BOOKMARK [0][-]{chapter.16}{\376\377\000N\000e\000u\000r\000a\000l\000\040\000O\000D\000E\000\040\000a\000n\000d\000\040\000S\000D\000E}{part.6}% 31
\BOOKMARK [0][-]{section*.1}{\376\377\000A\000p\000p\000e\000n\000d\000i\000c\000e\000s}{part.6}% 32
\BOOKMARK [0][-]{appendix.1.A}{\376\377\000V\000a\000n\000i\000l\000l\000a\000\040\000V\000a\000r\000i\000a\000t\000i\000o\000n\000a\000l\000\040\000A\000u\000t\000o\000\040\000E\000n\000c\000o\000d\000e\000r}{part.6}% 33
\BOOKMARK [0][-]{appendix.1.B}{\376\377\000G\000a\000u\000s\000s\000i\000a\000n\000\040\000P\000r\000o\000c\000e\000s\000s}{part.6}% 34
\BOOKMARK [0][-]{appendix.1.C}{\376\377\000K\000L\000\040\000d\000i\000v\000e\000r\000g\000e\000n\000c\000e\000\040\000b\000e\000t\000w\000e\000e\000n\000\040\000t\000w\000o\000\040\000e\000x\000p\000o\000n\000e\000n\000t\000i\000a\000l\000-\000f\000a\000m\000i\000l\000y\000\040\000d\000i\000s\000t\000r\000i\000b\000u\000t\000i\000o\000n\000s}{part.6}% 35
\BOOKMARK [0][-]{appendix.1.D}{\376\377\000O\000r\000n\000s\000t\000e\000i\000n\000\040\000U\000h\000l\000e\000n\000b\000e\000c\000k}{part.6}% 36
\BOOKMARK [0][-]{appendix.1.E}{\376\377\000W\000h\000y\000\040\000B\000r\000o\000w\000n\000i\000a\000n\000\040\000m\000o\000t\000i\000o\000n\000\040\000i\000s\000\040\000a\000\040\000G\000a\000u\000s\000s\000i\000a\000n\000\040\000a\000n\000d\000\040\000a\000\040\000M\000a\000r\000k\000o\000v\000\040\000p\000r\000o\000c\000e\000s\000s}{part.6}% 37
